<?xml version="1.0" encoding="UTF-8"?>
<testsuite xmlns:xsi="http://www.w3.org/2001/XMLSchema-instance" xsi:noNamespaceSchemaLocation="https://maven.apache.org/surefire/maven-surefire-plugin/xsd/surefire-test-report-3.0.xsd" version="3.0" name="com.example.studenttask.service.UserTaskServiceTest" time="0.008" tests="5" errors="0" skipped="0" failures="0">
  <properties>
[...]
</properties>
  <testcase name="findOrCreateUserTask_returnsExistingUserTaskWithoutSaving" classname="com.example.studenttask.service.UserTaskServiceTest" time="0.002"/>
  <testcase name="updateStatus_rejectsInvalidTransitionsWithoutSaving" classname="com.example.studenttask.service.UserTaskServiceTest" time="0.002"/>
  <testcase name="updateStatus_treatsMissingLegacyStatusAsDefaultForValidation" classname="com.example.studenttask.service.UserTaskServiceTest" time="0.001"/>
  <testcase name="updateStatus_acceptsValidTransitionsAndInitializesStartedAt" classname="com.example.studenttask.service.UserTaskServiceTest" time="0.002"/>
  <testcase name="findOrCreateUserTask_createsAndPersistsANewUserTask" classname="com.example.studenttask.service.UserTaskServiceTest" time="0.001"/>
</testsuite>